# JRE version: OpenJDK Runtime Environment (8.0_112-b06) (build 1.8.0_112-release-b06)
# Java VM: OpenJDK 64-Bit Server VM (25.112-b06 mixed mode windows-amd64 compressed oops)
Heap:
 PSYoungGen      total 40448K, used 36410K [0x00000000e0000000, 0x00000000e3180000, 0x0000000100000000)
  eden space 31232K, 100% used [0x00000000e0000000,0x00000000e1e80000,0x00000000e1e80000)
  from space 9216K, 56% used [0x00000000e2880000,0x00000000e2d8eb28,0x00000000e3180000)
  to   space 9728K, 0% used [0x00000000e1e80000,0x00000000e1e80000,0x00000000e2800000)
 ParOldGen       total 47616K, used 9056K [0x00000000a0000000, 0x00000000a2e80000, 0x00000000e0000000)
  object space 47616K, 19% used [0x00000000a0000000,0x00000000a08d8310,0x00000000a2e80000)
 Metaspace       used 33493K, capacity 34002K, committed 34432K, reserved 1079296K
  class space    used 4483K, capacity 4643K, committed 4736K, reserved 1048576K
GC Heap History (10 events):
Event: 56.929 GC heap before
{Heap before GC invocations=5 (full 1):
 PSYoungGen      total 38400K, used 5099K [0x00000000e0000000, 0x00000000e2a80000, 0x0000000100000000)
  eden space 33280K, 0% used [0x00000000e0000000,0x00000000e0000000,0x00000000e2080000)
  from space 5120K, 99% used [0x00000000e2580000,0x00000000e2a7afe0,0x00000000e2a80000)
  to   space 5120K, 0% used [0x00000000e2080000,0x00000000e2080000,0x00000000e2580000)
 ParOldGen       total 87552K, used 7470K [0x00000000a0000000, 0x00000000a5580000, 0x00000000e0000000)
  object space 87552K, 8% used [0x00000000a0000000,0x00000000a074b8b8,0x00000000a5580000)
 Metaspace       used 20829K, capacity 21100K, committed 21296K, reserved 1067008K
  class space    used 2755K, capacity 2865K, committed 2944K, reserved 1048576K
Event: 57.015 GC heap after
Heap after GC invocations=5 (full 1):
 PSYoungGen      total 38400K, used 0K [0x00000000e0000000, 0x00000000e2a80000, 0x0000000100000000)
  eden space 33280K, 0% used [0x00000000e0000000,0x00000000e0000000,0x00000000e2080000)
  from space 5120K, 0% used [0x00000000e2580000,0x00000000e2580000,0x00000000e2a80000)
  to   space 5120K, 0% used [0x00000000e2080000,0x00000000e2080000,0x00000000e2580000)
 ParOldGen       total 47616K, used 8968K [0x00000000a0000000, 0x00000000a2e80000, 0x00000000e0000000)
  object space 47616K, 18% used [0x00000000a0000000,0x00000000a08c2300,0x00000000a2e80000)
 Metaspace       used 20829K, capacity 21100K, committed 21296K, reserved 1067008K
  class space    used 2755K, capacity 2865K, committed 2944K, reserved 1048576K
}
Event: 61.714 GC heap before
{Heap before GC invocations=6 (full 1):
 PSYoungGen      total 38400K, used 33280K [0x00000000e0000000, 0x00000000e2a80000, 0x0000000100000000)
  eden space 33280K, 100% used [0x00000000e0000000,0x00000000e2080000,0x00000000e2080000)
  from space 5120K, 0% used [0x00000000e2580000,0x00000000e2580000,0x00000000e2a80000)
  to   space 5120K, 0% used [0x00000000e2080000,0x00000000e2080000,0x00000000e2580000)
 ParOldGen       total 47616K, used 8968K [0x00000000a0000000, 0x00000000a2e80000, 0x00000000e0000000)
  object space 47616K, 18% used [0x00000000a0000000,0x00000000a08c2300,0x00000000a2e80000)
 Metaspace       used 23925K, capacity 24234K, committed 24320K, reserved 1071104K
  class space    used 3208K, capacity 3326K, committed 3328K, reserved 1048576K
Event: 61.722 GC heap after
Heap after GC invocations=6 (full 1):
 PSYoungGen      total 37888K, used 4757K [0x00000000e0000000, 0x00000000e3500000, 0x0000000100000000)
  eden space 32768K, 0% used [0x00000000e0000000,0x00000000e0000000,0x00000000e2000000)
  from space 5120K, 92% used [0x00000000e2080000,0x00000000e2525638,0x00000000e2580000)
  to   space 10752K, 0% used [0x00000000e2a80000,0x00000000e2a80000,0x00000000e3500000)
 ParOldGen       total 47616K, used 8976K [0x00000000a0000000, 0x00000000a2e80000, 0x00000000e0000000)
  object space 47616K, 18% used [0x00000000a0000000,0x00000000a08c4300,0x00000000a2e80000)
 Metaspace       used 23925K, capacity 24234K, committed 24320K, reserved 1071104K
  class space    used 3208K, capacity 3326K, committed 3328K, reserved 1048576K
}
Event: 63.615 GC heap before
{Heap before GC invocations=7 (full 1):
 PSYoungGen      total 37888K, used 37525K [0x00000000e0000000, 0x00000000e3500000, 0x0000000100000000)
  eden space 32768K, 100% used [0x00000000e0000000,0x00000000e2000000,0x00000000e2000000)
  from space 5120K, 92% used [0x00000000e2080000,0x00000000e2525638,0x00000000e2580000)
  to   space 10752K, 0% used [0x00000000e2a80000,0x00000000e2a80000,0x00000000e3500000)
 ParOldGen       total 47616K, used 8976K [0x00000000a0000000, 0x00000000a2e80000, 0x00000000e0000000)
  object space 47616K, 18% used [0x00000000a0000000,0x00000000a08c4300,0x00000000a2e80000)
 Metaspace       used 26058K, capacity 26368K, committed 26496K, reserved 1073152K
  class space    used 3591K, capacity 3693K, committed 3712K, reserved 1048576K
Event: 63.646 GC heap after
Heap after GC invocations=7 (full 1):
 PSYoungGen      total 41472K, used 5184K [0x00000000e0000000, 0x00000000e3380000, 0x0000000100000000)
  eden space 32256K, 0% used [0x00000000e0000000,0x00000000e0000000,0x00000000e1f80000)
  from space 9216K, 56% used [0x00000000e2a80000,0x00000000e2f90200,0x00000000e3380000)
  to   space 10240K, 0% used [0x00000000e1f80000,0x00000000e1f80000,0x00000000e2980000)
 ParOldGen       total 47616K, used 8976K [0x00000000a0000000, 0x00000000a2e80000, 0x00000000e0000000)
  object space 47616K, 18% used [0x00000000a0000000,0x00000000a08c4300,0x00000000a2e80000)
 Metaspace       used 26058K, capacity 26368K, committed 26496K, reserved 1073152K
  class space    used 3591K, capacity 3693K, committed 3712K, reserved 1048576K
}
Event: 68.505 GC heap before
{Heap before GC invocations=8 (full 1):
 PSYoungGen      total 41472K, used 37440K [0x00000000e0000000, 0x00000000e3380000, 0x0000000100000000)
  eden space 32256K, 100% used [0x00000000e0000000,0x00000000e1f80000,0x00000000e1f80000)
  from space 9216K, 56% used [0x00000000e2a80000,0x00000000e2f90200,0x00000000e3380000)
  to   space 10240K, 0% used [0x00000000e1f80000,0x00000000e1f80000,0x00000000e2980000)
 ParOldGen       total 47616K, used 8976K [0x00000000a0000000, 0x00000000a2e80000, 0x00000000e0000000)
  object space 47616K, 18% used [0x00000000a0000000,0x00000000a08c4300,0x00000000a2e80000)
 Metaspace       used 28706K, capacity 29152K, committed 29440K, reserved 1075200K
  class space    used 3902K, capacity 4045K, committed 4096K, reserved 1048576K
Event: 68.511 GC heap after
Heap after GC invocations=8 (full 1):
 PSYoungGen      total 37376K, used 5238K [0x00000000e0000000, 0x00000000e3200000, 0x0000000100000000)
  eden space 31744K, 0% used [0x00000000e0000000,0x00000000e0000000,0x00000000e1f00000)
  from space 5632K, 93% used [0x00000000e1f80000,0x00000000e249da30,0x00000000e2500000)
  to   space 9728K, 0% used [0x00000000e2880000,0x00000000e2880000,0x00000000e3200000)
 ParOldGen       total 47616K, used 9048K [0x00000000a0000000, 0x00000000a2e80000, 0x00000000e0000000)
  object space 47616K, 19% used [0x00000000a0000000,0x00000000a08d6310,0x00000000a2e80000)
 Metaspace       used 28706K, capacity 29152K, committed 29440K, reserved 1075200K
  class space    used 3902K, capacity 4045K, committed 4096K, reserved 1048576K
}
Event: 99.941 GC heap before
{Heap before GC invocations=9 (full 1):
 PSYoungGen      total 37376K, used 36982K [0x00000000e0000000, 0x00000000e3200000, 0x0000000100000000)
  eden space 31744K, 100% used [0x00000000e0000000,0x00000000e1f00000,0x00000000e1f00000)
  from space 5632K, 93% used [0x00000000e1f80000,0x00000000e249da30,0x00000000e2500000)
  to   space 9728K, 0% used [0x00000000e2880000,0x00000000e2880000,0x00000000e3200000)
 ParOldGen       total 47616K, used 9048K [0x00000000a0000000, 0x00000000a2e80000, 0x00000000e0000000)
  object space 47616K, 19% used [0x00000000a0000000,0x00000000a08d6310,0x00000000a2e80000)
 Metaspace       used 29431K, capacity 29878K, committed 30080K, reserved 1075200K
  class space    used 3989K, capacity 4115K, committed 4224K, reserved 1048576K
Event: 99.963 GC heap after
Heap after GC invocations=9 (full 1):
 PSYoungGen      total 40448K, used 5178K [0x00000000e0000000, 0x00000000e3180000, 0x0000000100000000)
  eden space 31232K, 0% used [0x00000000e0000000,0x00000000e0000000,0x00000000e1e80000)
  from space 9216K, 56% used [0x00000000e2880000,0x00000000e2d8eb28,0x00000000e3180000)
  to   space 9728K, 0% used [0x00000000e1e80000,0x00000000e1e80000,0x00000000e2800000)
 ParOldGen       total 47616K, used 9056K [0x00000000a0000000, 0x00000000a2e80000, 0x00000000e0000000)
  object space 47616K, 19% used [0x00000000a0000000,0x00000000a08d8310,0x00000000a2e80000)
 Metaspace       used 29431K, capacity 29878K, committed 30080K, reserved 1075200K
  class space    used 3989K, capacity 4115K, committed 4224K, reserved 1048576K
}

